<?xml version="1.0" encoding="UTF-8"?>
<testsuite xmlns:xsi="http://www.w3.org/2001/XMLSchema-instance" xsi:noNamespaceSchemaLocation="https://maven.apache.org/surefire/maven-surefire-plugin/xsd/surefire-test-report-3.0.xsd" version="3.0" name="builder.JsonBuilderTest" time="0.01" tests="9" errors="0" skipped="0" failures="0">
  <properties>
[...]
</properties>
  <testcase name="testBuildJsonBoolean" classname="builder.JsonBuilderTest" time="0"/>
  <testcase name="testBuildJsonArray" classname="builder.JsonBuilderTest" time="0"/>
  <testcase name="testJsonNameAnnotation" classname="builder.JsonBuilderTest" time="0.006"/>
  <testcase name="testBuildFromDataClass" classname="builder.JsonBuilderTest" time="0.001"/>
  <testcase name="testJsonToStringAnnotation" classname="builder.JsonBuilderTest" time="0.001"/>
  <testcase name="testJsonExcludeAnnotation" classname="builder.JsonBuilderTest" time="0"/>
  <testcase name="testBuildJsonNumber" classname="builder.JsonBuilderTest" time="0"/>
  <testcase name="testBuildJsonObject" classname="builder.JsonBuilderTest" time="0"/>
  <testcase name="testBuildJsonString" classname="builder.JsonBuilderTest" time="0"/>
</testsuite>